-------------------------------------------------------------------------------
Test set: com.example.AppTest
-------------------------------------------------------------------------------
Tests run: 1, Failures: 0, Errors: 1, Skipped: 0, Time elapsed: 0.108 s <<< FAILURE! - in com.example.AppTest
testTitle  Time elapsed: 0.1 s  <<< ERROR!
java.lang.IllegalStateException: The driver executable must exist: /workspaces/project-tests-with-selenium-Junit/reddit-test/chrome-driver/chromedriver
	at com.example.AppTest.setUp(AppTest.java:20)

